Arguments: 
  /usr/local/bin/node /usr/local/bin/yarn add @bable/parser -D

PATH: 
  /usr/local/maven/bin:/Library/Java/JavaVirtualMachines/jdk1.8.0_211.jdk/Contents/Home/bin:/Library/Java/JavaVirtualMachines/jdk1.8.0_211.jdk/Contents/Home/jre/bin:/usr/local/sbin:/usr/local/bin:/usr/local/sbin:/usr/local/bin:/usr/local/bin:/usr/bin:/bin:/usr/sbin:/sbin:/usr/local/maven/bin:/Library/Java/JavaVirtualMachines/jdk1.8.0_211.jdk/Contents/Home/bin:/Library/Java/JavaVirtualMachines/jdk1.8.0_211.jdk/Contents/Home/jre/bin:/usr/local/sbin:/Library/Tomcat7/bin:/usr/local/mysql/bin:.:/Library/Tomcat7/bin:/usr/local/mysql/bin:.:/usr/local/mysql/bin

Yarn version: 
  1.22.10

Node version: 
  14.15.3

Platform: 
  darwin x64

Trace: 
  Error: https://registry.npm.taobao.org/@bable%2fparser: Not found
      at Request.params.callback [as _callback] (/usr/local/lib/node_modules/yarn/lib/cli.js:66988:18)
      at Request.self.callback (/usr/local/lib/node_modules/yarn/lib/cli.js:140662:22)
      at Request.emit (events.js:315:20)
      at Request.<anonymous> (/usr/local/lib/node_modules/yarn/lib/cli.js:141634:10)
      at Request.emit (events.js:315:20)
      at IncomingMessage.<anonymous> (/usr/local/lib/node_modules/yarn/lib/cli.js:141556:12)
      at Object.onceWrapper (events.js:421:28)
      at IncomingMessage.emit (events.js:327:22)
      at endReadableNT (internal/streams/readable.js:1327:12)
      at processTicksAndRejections (internal/process/task_queues.js:80:21)

npm manifest: 
  {
    "name": "myWebpack",
    "version": "1.0.0",
    "main": "index.js",
    "license": "MIT",
    "scripts":{
      "build": "node ./script/build.js"
    }
  }

yarn manifest: 
  No manifest

Lockfile: 
  No lockfile
